[2020-09-19 08:59:43.164] ASSET: Sending asset `playeroptions.css` to client `Guest-94480906` as `asset.c98d239493a6ec6f81b457053a59a424.css`
[2020-09-19 08:59:43.164] ASSET: Sending asset `padlock.png` to client `Guest-94480906` as `padlock.png`
[2020-09-19 08:59:43.164] ASSET: Sending asset `common.css` to client `Guest-94480906` as `asset.613945a34caa92866062b6af9f05073f.css`
[2020-09-19 08:59:43.279] ASSET: Sending asset `tgui-common.chunk.js` to client `Guest-94480906` as `tgui-common.chunk.js`
[2020-09-19 08:59:43.279] ASSET: Sending asset `tgui-panel.bundle.js` to client `Guest-94480906` as `tgui-panel.bundle.js`
[2020-09-19 08:59:43.279] ASSET: Sending asset `tgui-panel.bundle.css` to client `Guest-94480906` as `tgui-panel.bundle.css`
[2020-09-19 08:59:45.706] ASSET: Sending asset `fa-regular-400.eot` to client `Guest-94480906` as `fa-regular-400.eot`
[2020-09-19 08:59:45.706] ASSET: Sending asset `fa-regular-400.woff` to client `Guest-94480906` as `fa-regular-400.woff`
[2020-09-19 08:59:45.706] ASSET: Sending asset `fa-solid-900.eot` to client `Guest-94480906` as `fa-solid-900.eot`
[2020-09-19 08:59:45.706] ASSET: Sending asset `fa-solid-900.woff` to client `Guest-94480906` as `fa-solid-900.woff`
[2020-09-19 08:59:45.706] ASSET: Sending asset `v4shim.css` to client `Guest-94480906` as `v4shim.css`
[2020-09-19 08:59:45.706] ASSET: Sending asset `font-awesome.css` to client `Guest-94480906` as `asset.cb0bf9e034475f5222f6f385b9156c4d.css`
[2020-09-19 08:59:45.835] ASSET: Sending asset `spritesheet_chat.css` to client `Guest-94480906` as `asset.773c5a4207cb07dae7a6a70b27e3a22e.css`
[2020-09-19 08:59:45.835] ASSET: Sending asset `chat_16x16.png` to client `Guest-94480906` as `asset.b18b7167e3d366b00d461c233007b091.png`
[2020-09-19 08:59:47.125] ASSET: Sending asset `jquery.min.js` to client `Guest-94480906` as `jquery.min.js`
[2020-09-19 09:01:57.810] ASSET: Sending asset `tgui.bundle.js` to client `Guest-94480906` as `tgui.bundle.js`
[2020-09-19 09:01:57.810] ASSET: Sending asset `tgui.bundle.css` to client `Guest-94480906` as `tgui.bundle.css`
[2020-09-19 09:01:57.965] ASSET: Sending asset `spritesheet_vending.css` to client `Guest-94480906` as `asset.ba72ca1c0b444859416be96c11f89b4b.css`
[2020-09-19 09:01:57.965] ASSET: Sending asset `vending_32x32.png` to client `Guest-94480906` as `asset.efbcfa23bcc23d49666f57069ed51d90.png`
[2020-09-19 09:02:55.692] ASSET: Sending asset `asset.f38869d6cdbc407abc8adb22a80ef80a.png` to client `Guest-94480906` as `asset.6e695ead09748339b67575db4d3c9b22.png`
