[2020-09-19 08:59:42.901] Starting up round ID .
 - -------------------------
[2020-09-19 08:59:43.002] Running /tg/ revision: 2020-09-16
 - origin/master: ddac45233638543e7f344df7c4d0dcef52639c1c
[2020-09-19 08:59:48.333] Initialized Profiler subsystem within 0 seconds!
[2020-09-19 08:59:48.508] Initialized Title Screen subsystem within 0.2 seconds!
[2020-09-19 08:59:48.510] Initialized Database subsystem within 0 seconds!
[2020-09-19 08:59:48.511] Initialized Blackbox subsystem within 0 seconds!
[2020-09-19 08:59:48.513] Initialized Server Tasks subsystem within 0 seconds!
[2020-09-19 08:59:48.514] Initialized Input subsystem within 0 seconds!
[2020-09-19 08:59:48.516] Initialized Sounds subsystem within 0 seconds!
[2020-09-19 08:59:48.529] Initialized Instruments subsystem within 0 seconds!
[2020-09-19 08:59:48.530] Initialized Vis contents overlays subsystem within 0 seconds!
[2020-09-19 08:59:48.532] Initialized Achievements subsystem within 0 seconds!
[2020-09-19 08:59:48.585] Initialized Research subsystem within 0 seconds!
[2020-09-19 08:59:48.664] Initialized Events subsystem within 0 seconds!
[2020-09-19 08:59:48.668] Initialized Jobs subsystem within 0 seconds!
[2020-09-19 08:59:48.672] Initialized Quirks subsystem within 0 seconds!
[2020-09-19 08:59:48.838] Initialized Ticker subsystem within 0.2 seconds!
[2020-09-19 08:59:48.906] Initialized Trading Card Game subsystem within 0.1 seconds!
[2020-09-19 08:59:48.909] Loading Meta Station...
[2020-09-19 08:59:57.375] Loaded Station in 8.4s!
[2020-09-19 08:59:58.564] Loaded Lavaland in 1.1s!
[2020-09-19 09:00:05.431] Ruin loader finished with 0 left to spend.
[2020-09-19 09:00:07.259] Ruin loader finished with 0 left to spend.
[2020-09-19 09:00:07.778] Initialized Mapping subsystem within 18.8 seconds!
[2020-09-19 09:00:07.792] Initialized Networks subsystem within 0 seconds!
[2020-09-19 09:00:07.794] Initialized Economy subsystem within 0 seconds!
[2020-09-19 09:00:37.291] Initialized Atoms subsystem within 29.5 seconds!
[2020-09-19 09:00:37.362] Initialized Language subsystem within 0 seconds!
[2020-09-19 09:00:37.443] Initialized Machines subsystem within 0.1 seconds!
[2020-09-19 09:00:37.446] Initialized Skills subsystem within 0 seconds!
[2020-09-19 09:00:37.872] Initialized Atmos Adjacency subsystem within 0.4 seconds!
[2020-09-19 09:00:37.876] Initialized Blackmarket subsystem within 0 seconds!
[2020-09-19 09:00:37.879] Initialized Disease subsystem within 0 seconds!
[2020-09-19 09:00:37.881] Initialized Night Shift subsystem within 0 seconds!
[2020-09-19 09:00:37.883] Initialized Parallax subsystem within 0 seconds!
[2020-09-19 09:00:37.885] Initialized Sun subsystem within 0 seconds!
[2020-09-19 09:00:38.013] Initialized Traumas subsystem within 0.2 seconds!
[2020-09-19 09:00:38.054] Initialized Weather subsystem within 0 seconds!
[2020-09-19 09:00:42.247] Initialized Atmospherics subsystem within 4.2 seconds!
[2020-09-19 09:00:48.149] Initialized Assets subsystem within 5.9 seconds!
[2020-09-19 09:00:50.827] Initialized Icon Smoothing subsystem within 2.7 seconds!
[2020-09-19 09:00:51.449] Initialized Overlay subsystem within 0.6 seconds!
[2020-09-19 09:00:51.451] Initialized XKeyScore subsystem within 0 seconds!
[2020-09-19 09:00:51.454] Initialized PRISM subsystem within 0 seconds!
[2020-09-19 09:00:56.732] Initialized Lighting subsystem within 5.3 seconds!
[2020-09-19 09:00:58.804] Initialized Shuttle subsystem within 2.1 seconds!
[2020-09-19 09:00:58.871] Initialized Minor Mapping subsystem within 0 seconds!
[2020-09-19 09:00:58.874] Initialized Pathfinder subsystem within 0 seconds!
[2020-09-19 09:00:58.877] Initialized Discord subsystem within 0 seconds!
[2020-09-19 09:00:59.162] Initialized Persistence subsystem within 0.3 seconds!
[2020-09-19 09:00:59.208] Initialized Stat Panels subsystem within 0 seconds!
[2020-09-19 09:00:59.210] Initialized Chat subsystem within 0 seconds!
[2020-09-19 09:00:59.212] Initializations complete within 70.9 seconds!
[2020-09-19 09:01:14.239] Game start took 1.4s
