[2020-09-19 08:52:11.424] Starting up round ID .
 - -------------------------
[2020-09-19 08:52:11.519] Running /tg/ revision: 2020-09-16
 - origin/master: ddac45233638543e7f344df7c4d0dcef52639c1c
[2020-09-19 08:52:17.343] Initialized Profiler subsystem within 0 seconds!
[2020-09-19 08:52:17.521] Initialized Title Screen subsystem within 0.2 seconds!
[2020-09-19 08:52:17.524] Initialized Database subsystem within 0 seconds!
[2020-09-19 08:52:17.526] Initialized Blackbox subsystem within 0 seconds!
[2020-09-19 08:52:17.528] Initialized Server Tasks subsystem within 0 seconds!
[2020-09-19 08:52:17.530] Initialized Input subsystem within 0 seconds!
[2020-09-19 08:52:17.532] Initialized Sounds subsystem within 0 seconds!
[2020-09-19 08:52:17.545] Initialized Instruments subsystem within 0 seconds!
[2020-09-19 08:52:17.547] Initialized Vis contents overlays subsystem within 0 seconds!
[2020-09-19 08:52:17.549] Initialized Achievements subsystem within 0 seconds!
[2020-09-19 08:52:17.573] Initialized Research subsystem within 0 seconds!
[2020-09-19 08:52:17.578] Initialized Events subsystem within 0 seconds!
[2020-09-19 08:52:17.583] Initialized Jobs subsystem within 0 seconds!
[2020-09-19 08:52:17.586] Initialized Quirks subsystem within 0 seconds!
[2020-09-19 08:52:17.753] Initialized Ticker subsystem within 0.2 seconds!
[2020-09-19 08:52:18.280] Initialized Trading Card Game subsystem within 0 seconds!
[2020-09-19 08:52:18.283] Loading Meta Station...
[2020-09-19 08:52:28.600] Loaded Station in 10.4s!
[2020-09-19 08:52:33.873] Loaded Lavaland in 5.2s!
[2020-09-19 08:52:41.039] Ruin loader finished with 0 left to spend.
[2020-09-19 08:52:42.276] Ruin loader finished with 0 left to spend.
[2020-09-19 08:52:42.794] Initialized Mapping subsystem within 24.5 seconds!
[2020-09-19 08:52:42.810] Initialized Networks subsystem within 0 seconds!
[2020-09-19 08:52:42.812] Initialized Economy subsystem within 0 seconds!
[2020-09-19 08:53:13.647] Initialized Atoms subsystem within 30.8 seconds!
[2020-09-19 08:53:13.714] Initialized Language subsystem within 0 seconds!
[2020-09-19 08:53:13.795] Initialized Machines subsystem within 0 seconds!
[2020-09-19 08:53:13.798] Initialized Skills subsystem within 0 seconds!
[2020-09-19 08:53:14.219] Initialized Atmos Adjacency subsystem within 0.5 seconds!
[2020-09-19 08:53:14.224] Initialized Blackmarket subsystem within 0 seconds!
[2020-09-19 08:53:14.227] Initialized Disease subsystem within 0 seconds!
[2020-09-19 08:53:14.229] Initialized Night Shift subsystem within 0 seconds!
[2020-09-19 08:53:14.231] Initialized Parallax subsystem within 0 seconds!
[2020-09-19 08:53:14.233] Initialized Sun subsystem within 0 seconds!
[2020-09-19 08:53:14.754] Initialized Traumas subsystem within 0.5 seconds!
[2020-09-19 08:53:14.801] Initialized Weather subsystem within 0 seconds!
[2020-09-19 08:53:18.922] Initialized Atmospherics subsystem within 4.1 seconds!
[2020-09-19 08:53:24.754] Initialized Assets subsystem within 5.8 seconds!
[2020-09-19 08:53:27.324] Initialized Icon Smoothing subsystem within 2.6 seconds!
[2020-09-19 08:53:27.933] Initialized Overlay subsystem within 0.6 seconds!
[2020-09-19 08:53:27.935] Initialized XKeyScore subsystem within 0 seconds!
[2020-09-19 08:53:27.938] Initialized PRISM subsystem within 0 seconds!
[2020-09-19 08:53:33.069] Initialized Lighting subsystem within 5.1 seconds!
[2020-09-19 08:53:35.764] Initialized Shuttle subsystem within 2.7 seconds!
[2020-09-19 08:53:35.829] Initialized Minor Mapping subsystem within 0.1 seconds!
[2020-09-19 08:53:35.832] Initialized Pathfinder subsystem within 0 seconds!
[2020-09-19 08:53:35.836] Initialized Discord subsystem within 0 seconds!
[2020-09-19 08:53:36.139] Initialized Persistence subsystem within 0.3 seconds!
[2020-09-19 08:53:36.179] Initialized Stat Panels subsystem within 0 seconds!
[2020-09-19 08:53:36.181] Initialized Chat subsystem within 0 seconds!
[2020-09-19 08:53:36.184] Initializations complete within 78.8 seconds!
[2020-09-19 08:54:08.910] Game start took 1.3s
